


ARM Macro Assembler    Page 1 


    1 00000000         #line   1                "RTE\\Device\\MDR32F1QI\\startu
p_MDR32F1QI.S"
    1 00000000         ;
    2 00000000         
    3 00000000         
    4 00000000         
    5 00000000         
    6 00000000         
    7 00000000         
    8 00000000         
    9 00000000         
   10 00000000         
   11 00000000         
   12 00000000         
   13 00000000         
   14 00000000         
   15 00000000         
   16 00000000         
   17 00000000         
   18 00000000         
   19 00000000         
   20 00000000         
   21 00000000         
   22 00000000         ;
   23 00000000         
   24 00000000         ;<h> Stack Configuration
   25 00000000         ;  <o> Stack Size (in Bytes) <0x0-0xFFFFFFFF:8>
   26 00000000         ;</h>
   27 00000000         
   28 00000000 00001000 
                       Stack_Size
                               EQU              0x00001000
   29 00000000         
   30 00000000                 AREA             STACK, NOINIT, READWRITE, ALIGN
=3
   31 00000000         __stack_limit
   32 00000000         Stack_Mem
                               SPACE            Stack_Size
   33 00001000         __initial_sp
   34 00001000         
   35 00001000         
   36 00001000         ;<h> Heap Configuration
   37 00001000         ;  <o>  Heap Size (in Bytes) <0x0-0xFFFFFFFF:8>
   38 00001000         ;</h>
   39 00001000         
   40 00001000 00001000 
                       Heap_Size
                               EQU              0x00001000
   41 00001000         
   42 00001000                 AREA             HEAP, NOINIT, READWRITE, ALIGN=
3
   43 00000000         __heap_base
   44 00000000         Heap_Mem
                               SPACE            Heap_Size
   45 00001000         __heap_limit
   46 00001000         
   47 00001000                 PRESERVE8
   48 00001000                 THUMB
   49 00001000         



ARM Macro Assembler    Page 2 


   50 00001000         
   51 00001000         ; Vector Table Mapped to Address 0 at Reset
   52 00001000                 AREA             RESET, DATA, READONLY
   53 00000000                 EXPORT           __Vectors
   54 00000000                 EXPORT           __Vectors_End
   55 00000000                 EXPORT           __Vectors_Size
   56 00000000         
   57 00000000 00000000 
                       __Vectors
                               DCD              __initial_sp ;     Top of Stack
                                                            
   58 00000004 00000000        DCD              Reset_Handler 
                                                            ;     Reset Handler
                                                            
   59 00000008 00000000        DCD              NMI_Handler ; -14 NMI Handler
   60 0000000C 00000000        DCD              HardFault_Handler ; -13 Hard Fa
                                                            ult Handler
   61 00000010 00000000        DCD              0           ;     Reserved
   62 00000014 00000000        DCD              0           ;     Reserved
   63 00000018 00000000        DCD              0           ;     Reserved
   64 0000001C 00000000        DCD              0           ;     Reserved
   65 00000020 00000000        DCD              0           ;     Reserved
   66 00000024 00000000        DCD              0           ;     Reserved
   67 00000028 00000000        DCD              0           ;     Reserved
   68 0000002C 00000000        DCD              SVC_Handler ;  -5 SVCall Handle
                                                            r
   69 00000030 00000000        DCD              0           ;     Reserved
   70 00000034 00000000        DCD              0           ;     Reserved
   71 00000038 00000000        DCD              PendSV_Handler ;  -2 PendSV Han
                                                            dler
   72 0000003C 00000000        DCD              SysTick_Handler ;  -1 SysTick H
                                                            andler
   73 00000040         
   74 00000040         ; External Interrupts
   75 00000040 00000000        DCD              MIL_STD_1553B2_IRQHandler ;   0
                                                             MIL_STD_1553B2 Han
                                                            dler
   76 00000044 00000000        DCD              MIL_STD_1553B1_IRQHandler ;   1
                                                             MIL_STD_1553B1 Han
                                                            dler
   77 00000048 00000000        DCD              USB_IRQHandler ;   2 USB Host H
                                                            andler
   78 0000004C 00000000        DCD              CAN1_IRQHandler 
                                                            ;   3 CAN1 Handler
   79 00000050 00000000        DCD              CAN2_IRQHandler 
                                                            ;   4 CAN2 Handler
   80 00000054 00000000        DCD              DMA_IRQHandler 
                                                            ;   5 DMA Handler
   81 00000058 00000000        DCD              UART1_IRQHandler 
                                                            ;   6 UART1 Handler
                                                            
   82 0000005C 00000000        DCD              UART2_IRQHandler 
                                                            ;   7 UART2 Handler
                                                            
   83 00000060 00000000        DCD              SSP1_IRQHandler 
                                                            ;   8 SSP1 Handler
   84 00000064 00000000        DCD              BUSY_IRQHandler ;   9 NAND Flas
                                                            h Handler
   85 00000068 00000000        DCD              ARINC429R_IRQHandler ;  10 ARIN



ARM Macro Assembler    Page 3 


                                                            C429R1-ARINC429R8 H
                                                            andler
   86 0000006C 00000000        DCD              POWER_IRQHandler 
                                                            ;  11 POWER Handler
                                                            
   87 00000070 00000000        DCD              WWDG_IRQHandler 
                                                            ;  12 WWDG Handler
   88 00000074 00000000        DCD              TIMER4_IRQHandler ;  13 Timer4 
                                                            Handler
   89 00000078 00000000        DCD              TIMER1_IRQHandler ;  14 Timer1 
                                                            Handler
   90 0000007C 00000000        DCD              TIMER2_IRQHandler ;  15 Timer2 
                                                            Handler
   91 00000080 00000000        DCD              TIMER3_IRQHandler ;  16 Timer3 
                                                            Handler
   92 00000084 00000000        DCD              ADC_IRQHandler 
                                                            ;  17 ADC Handler
   93 00000088 00000000        DCD              ETHERNET_IRQHandler ;  18 Ether
                                                            net Handler
   94 0000008C 00000000        DCD              SSP3_IRQHandler 
                                                            ;  19 SSP3 Handler
   95 00000090 00000000        DCD              SSP2_IRQHandler 
                                                            ;  20 SSP2 Handler
   96 00000094 00000000        DCD              ARINC429T1_IRQHandler ;  21 ARI
                                                            NC429T1 Handler
   97 00000098 00000000        DCD              ARINC429T2_IRQHandler ;  22 ARI
                                                            NC429T2 Handler
   98 0000009C 00000000        DCD              ARINC429T3_IRQHandler ;  23 ARI
                                                            NC429T3 Handler
   99 000000A0 00000000        DCD              ARINC429T4_IRQHandler ;  24 ARI
                                                            NC429T4 Handler
  100 000000A4 00000000        DCD              0           ;     Reserved
  101 000000A8 00000000        DCD              0           ;     Reserved
  102 000000AC 00000000        DCD              BKP_IRQHandler 
                                                            ;  27 BKP Handler
  103 000000B0 00000000        DCD              EXT_INT1_IRQHandler ;  28 EXT_I
                                                            NT1 Handler
  104 000000B4 00000000        DCD              EXT_INT2_IRQHandler ;  29 EXT_I
                                                            NT2 Handler
  105 000000B8 00000000        DCD              EXT_INT3_IRQHandler ;  30 EXT_I
                                                            NT3 Handler
  106 000000BC 00000000        DCD              EXT_INT4_IRQHandler ;  31 EXT_I
                                                            NT4 Handler
  107 000000C0         __Vectors_End
  108 000000C0         
  109 000000C0 000000C0 
                       __Vectors_Size
                               EQU              __Vectors_End - __Vectors
  110 000000C0         
  111 000000C0                 AREA             |.text|, CODE, READONLY
  112 00000000         
  113 00000000         ; Reset Handler
  114 00000000         Reset_Handler
                               PROC
  115 00000000                 EXPORT           Reset_Handler               [WE
AK]
  116 00000000                 IMPORT           SystemInit
  117 00000000                 IMPORT           __main
  118 00000000 4816            LDR              R0, =SystemInit



ARM Macro Assembler    Page 4 


  119 00000002 4780            BLX              R0
  120 00000004 4816            LDR              R0,=__main
  121 00000006 4700            BX               R0
  122 00000008                 ENDP
  123 00000008         
  124 00000008         
  125 00000008         ; Dummy Exception Handlers (infinite loops which can be 
                       modified)
  126 00000008         
  127 00000008         NMI_Handler
                               PROC
  128 00000008                 EXPORT           NMI_Handler                 [WE
AK]
  129 00000008 E7FE            B                .
  130 0000000A                 ENDP
  131 0000000A         
  132 0000000A         HardFault_Handler
                               PROC
  133 0000000A                 EXPORT           HardFault_Handler           [WE
AK]
  134 0000000A E7FE            B                .
  135 0000000C                 ENDP
  136 0000000C         
  137 0000000C         SVC_Handler
                               PROC
  138 0000000C                 EXPORT           SVC_Handler                 [WE
AK]
  139 0000000C E7FE            B                .
  140 0000000E                 ENDP
  141 0000000E         
  142 0000000E         PendSV_Handler
                               PROC
  143 0000000E                 EXPORT           PendSV_Handler              [WE
AK]
  144 0000000E E7FE            B                .
  145 00000010                 ENDP
  146 00000010         
  147 00000010         SysTick_Handler
                               PROC
  148 00000010                 EXPORT           SysTick_Handler             [WE
AK]
  149 00000010 E7FE            B                .
  150 00000012                 ENDP
  151 00000012         
  152 00000012         
  153 00000012         ; External Interrupts
  154 00000012         
  155 00000012         MIL_STD_1553B2_IRQHandler
                               PROC
  156 00000012                 EXPORT           MIL_STD_1553B2_IRQHandler   [WE
AK]
  157 00000012 E7FE            B                .
  158 00000014                 ENDP
  159 00000014         
  160 00000014         MIL_STD_1553B1_IRQHandler
                               PROC
  161 00000014                 EXPORT           MIL_STD_1553B1_IRQHandler   [WE
AK]
  162 00000014 E7FE            B                .



ARM Macro Assembler    Page 5 


  163 00000016                 ENDP
  164 00000016         
  165 00000016         USB_IRQHandler
                               PROC
  166 00000016                 EXPORT           USB_IRQHandler              [WE
AK]
  167 00000016 E7FE            B                .
  168 00000018                 ENDP
  169 00000018         
  170 00000018         CAN1_IRQHandler
                               PROC
  171 00000018                 EXPORT           CAN1_IRQHandler             [WE
AK]
  172 00000018 E7FE            B                .
  173 0000001A                 ENDP
  174 0000001A         
  175 0000001A         CAN2_IRQHandler
                               PROC
  176 0000001A                 EXPORT           CAN2_IRQHandler             [WE
AK]
  177 0000001A E7FE            B                .
  178 0000001C                 ENDP
  179 0000001C         
  180 0000001C         DMA_IRQHandler
                               PROC
  181 0000001C                 EXPORT           DMA_IRQHandler              [WE
AK]
  182 0000001C E7FE            B                .
  183 0000001E                 ENDP
  184 0000001E         
  185 0000001E         UART1_IRQHandler
                               PROC
  186 0000001E                 EXPORT           UART1_IRQHandler            [WE
AK]
  187 0000001E E7FE            B                .
  188 00000020                 ENDP
  189 00000020         
  190 00000020         UART2_IRQHandler
                               PROC
  191 00000020                 EXPORT           UART2_IRQHandler            [WE
AK]
  192 00000020 E7FE            B                .
  193 00000022                 ENDP
  194 00000022         
  195 00000022         SSP1_IRQHandler
                               PROC
  196 00000022                 EXPORT           SSP1_IRQHandler             [WE
AK]
  197 00000022 E7FE            B                .
  198 00000024                 ENDP
  199 00000024         
  200 00000024         BUSY_IRQHandler
                               PROC
  201 00000024                 EXPORT           BUSY_IRQHandler             [WE
AK]
  202 00000024 E7FE            B                .
  203 00000026                 ENDP
  204 00000026         
  205 00000026         ARINC429R_IRQHandler



ARM Macro Assembler    Page 6 


                               PROC
  206 00000026                 EXPORT           ARINC429R_IRQHandler        [WE
AK]
  207 00000026 E7FE            B                .
  208 00000028                 ENDP
  209 00000028         
  210 00000028         POWER_IRQHandler
                               PROC
  211 00000028                 EXPORT           POWER_IRQHandler            [WE
AK]
  212 00000028 E7FE            B                .
  213 0000002A                 ENDP
  214 0000002A         
  215 0000002A         WWDG_IRQHandler
                               PROC
  216 0000002A                 EXPORT           WWDG_IRQHandler             [WE
AK]
  217 0000002A E7FE            B                .
  218 0000002C                 ENDP
  219 0000002C         
  220 0000002C         TIMER4_IRQHandler
                               PROC
  221 0000002C                 EXPORT           TIMER4_IRQHandler           [WE
AK]
  222 0000002C E7FE            B                .
  223 0000002E                 ENDP
  224 0000002E         
  225 0000002E         TIMER1_IRQHandler
                               PROC
  226 0000002E                 EXPORT           TIMER1_IRQHandler           [WE
AK]
  227 0000002E E7FE            B                .
  228 00000030                 ENDP
  229 00000030         
  230 00000030         TIMER2_IRQHandler
                               PROC
  231 00000030                 EXPORT           TIMER2_IRQHandler           [WE
AK]
  232 00000030 E7FE            B                .
  233 00000032                 ENDP
  234 00000032         
  235 00000032         TIMER3_IRQHandler
                               PROC
  236 00000032                 EXPORT           TIMER3_IRQHandler           [WE
AK]
  237 00000032 E7FE            B                .
  238 00000034                 ENDP
  239 00000034         
  240 00000034         ADC_IRQHandler
                               PROC
  241 00000034                 EXPORT           ADC_IRQHandler              [WE
AK]
  242 00000034 E7FE            B                .
  243 00000036                 ENDP
  244 00000036         
  245 00000036         ETHERNET_IRQHandler
                               PROC
  246 00000036                 EXPORT           ETHERNET_IRQHandler         [WE
AK]



ARM Macro Assembler    Page 7 


  247 00000036 E7FE            B                .
  248 00000038                 ENDP
  249 00000038         
  250 00000038         SSP3_IRQHandler
                               PROC
  251 00000038                 EXPORT           SSP3_IRQHandler             [WE
AK]
  252 00000038 E7FE            B                .
  253 0000003A                 ENDP
  254 0000003A         
  255 0000003A         SSP2_IRQHandler
                               PROC
  256 0000003A                 EXPORT           SSP2_IRQHandler             [WE
AK]
  257 0000003A E7FE            B                .
  258 0000003C                 ENDP
  259 0000003C         
  260 0000003C         ARINC429T1_IRQHandler
                               PROC
  261 0000003C                 EXPORT           ARINC429T1_IRQHandler       [WE
AK]
  262 0000003C E7FE            B                .
  263 0000003E                 ENDP
  264 0000003E         
  265 0000003E         ARINC429T2_IRQHandler
                               PROC
  266 0000003E                 EXPORT           ARINC429T2_IRQHandler       [WE
AK]
  267 0000003E E7FE            B                .
  268 00000040                 ENDP
  269 00000040         
  270 00000040         ARINC429T3_IRQHandler
                               PROC
  271 00000040                 EXPORT           ARINC429T3_IRQHandler       [WE
AK]
  272 00000040 E7FE            B                .
  273 00000042                 ENDP
  274 00000042         
  275 00000042         ARINC429T4_IRQHandler
                               PROC
  276 00000042                 EXPORT           ARINC429T4_IRQHandler       [WE
AK]
  277 00000042 E7FE            B                .
  278 00000044                 ENDP
  279 00000044         
  280 00000044         BKP_IRQHandler
                               PROC
  281 00000044                 EXPORT           BKP_IRQHandler              [WE
AK]
  282 00000044 E7FE            B                .
  283 00000046                 ENDP
  284 00000046         
  285 00000046         EXT_INT1_IRQHandler
                               PROC
  286 00000046                 EXPORT           EXT_INT1_IRQHandler         [WE
AK]
  287 00000046 E7FE            B                .
  288 00000048                 ENDP
  289 00000048         



ARM Macro Assembler    Page 8 


  290 00000048         EXT_INT2_IRQHandler
                               PROC
  291 00000048                 EXPORT           EXT_INT2_IRQHandler         [WE
AK]
  292 00000048 E7FE            B                .
  293 0000004A                 ENDP
  294 0000004A         
  295 0000004A         EXT_INT3_IRQHandler
                               PROC
  296 0000004A                 EXPORT           EXT_INT3_IRQHandler         [WE
AK]
  297 0000004A E7FE            B                .
  298 0000004C                 ENDP
  299 0000004C         
  300 0000004C         EXT_INT4_IRQHandler
                               PROC
  301 0000004C                 EXPORT           EXT_INT4_IRQHandler         [WE
AK]
  302 0000004C E7FE            B                .
  303 0000004E                 ENDP
  304 0000004E         
  305 0000004E 00 00           ALIGN
  306 00000050         
  307 00000050         
  308 00000050         
  309 00000050         ; User Initial Stack & Heap
  310 00000050         
  311 00000050                 IF               :DEF:__MICROLIB
  319 00000050         
  320 00000050                 IMPORT           __use_two_region_memory
  321 00000050                 EXPORT           __user_initial_stackheap
  322 00000050         __user_initial_stackheap
  323 00000050         
  324 00000050 4804            LDR              R0, = Heap_Mem
  325 00000052 4905            LDR              R1, = (Stack_Mem + Stack_Size)
  326 00000054 4A05            LDR              R2, = (Heap_Mem +  Heap_Size)
  327 00000056 4B06            LDR              R3, = Stack_Mem
  328 00000058 4770            BX               LR
  329 0000005A         
  330 0000005A 00 00           ALIGN
  331 0000005C         
  332 0000005C                 ENDIF
  333 0000005C         
  334 0000005C         
  335 0000005C                 END
              00000000 
              00000000 
              00000000 
              00001000 
              00001000 
              00000000 
Command Line: --debug --xref --cpreproc --diag_suppress=9931 --cpu=Cortex-M1 --
apcs=interwork --depend=.\objects\startup_mdr32f1qi.d -o.\objects\startup_mdr32
f1qi.o -I.\RTE\Device\MDR32F1QI -I.\RTE\_mkp4 -IC:\Users\ASkupov.CHASPROM\AppDa
ta\Local\Arm\Packs\Milandr\MDR32FxQI\1.1\Libraries\CMSIS\MDR32FxQI\CoreSupport\
CM1 -IC:\Users\ASkupov.CHASPROM\AppData\Local\Arm\Packs\Milandr\MDR32FxQI\1.1\L
ibraries\CMSIS\MDR32FxQI\DeviceSupport\MDR32F1QI\inc -IC:\Users\ASkupov.CHASPRO
M\AppData\Local\Arm\Packs\Milandr\MDR32FxQI\1.1\Libraries\SPL\MDR32FxQI\inc --p
redefine="__UVISION_VERSION SETA 536" --predefine="_RTE_ SETA 1" --predefine="_



ARM Macro Assembler    Page 9 


RTE_ SETA 1" --list=.\listings\startup_mdr32f1qi.lst RTE\Device\MDR32F1QI\start
up_MDR32F1QI.S



ARM Macro Assembler    Page 1 Alphabetic symbol ordering
Relocatable symbols

STACK 00000000

Symbol: STACK
   Definitions
      At line 30 in file RTE\\Device\\MDR32F1QI\\startup_MDR32F1QI.S
   Uses
      None
Comment: STACK unused
Stack_Mem 00000000

Symbol: Stack_Mem
   Definitions
      At line 32 in file RTE\\Device\\MDR32F1QI\\startup_MDR32F1QI.S
   Uses
      At line 325 in file RTE\\Device\\MDR32F1QI\\startup_MDR32F1QI.S
      At line 327 in file RTE\\Device\\MDR32F1QI\\startup_MDR32F1QI.S

__initial_sp 00001000

Symbol: __initial_sp
   Definitions
      At line 33 in file RTE\\Device\\MDR32F1QI\\startup_MDR32F1QI.S
   Uses
      At line 57 in file RTE\\Device\\MDR32F1QI\\startup_MDR32F1QI.S
Comment: __initial_sp used once
__stack_limit 00000000

Symbol: __stack_limit
   Definitions
      At line 31 in file RTE\\Device\\MDR32F1QI\\startup_MDR32F1QI.S
   Uses
      None
Comment: __stack_limit unused
4 symbols



ARM Macro Assembler    Page 1 Alphabetic symbol ordering
Relocatable symbols

HEAP 00000000

Symbol: HEAP
   Definitions
      At line 42 in file RTE\\Device\\MDR32F1QI\\startup_MDR32F1QI.S
   Uses
      None
Comment: HEAP unused
Heap_Mem 00000000

Symbol: Heap_Mem
   Definitions
      At line 44 in file RTE\\Device\\MDR32F1QI\\startup_MDR32F1QI.S
   Uses
      At line 324 in file RTE\\Device\\MDR32F1QI\\startup_MDR32F1QI.S
      At line 326 in file RTE\\Device\\MDR32F1QI\\startup_MDR32F1QI.S

__heap_base 00000000

Symbol: __heap_base
   Definitions
      At line 43 in file RTE\\Device\\MDR32F1QI\\startup_MDR32F1QI.S
   Uses
      None
Comment: __heap_base unused
__heap_limit 00001000

Symbol: __heap_limit
   Definitions
      At line 45 in file RTE\\Device\\MDR32F1QI\\startup_MDR32F1QI.S
   Uses
      None
Comment: __heap_limit unused
4 symbols



ARM Macro Assembler    Page 1 Alphabetic symbol ordering
Relocatable symbols

RESET 00000000

Symbol: RESET
   Definitions
      At line 52 in file RTE\\Device\\MDR32F1QI\\startup_MDR32F1QI.S
   Uses
      None
Comment: RESET unused
__Vectors 00000000

Symbol: __Vectors
   Definitions
      At line 57 in file RTE\\Device\\MDR32F1QI\\startup_MDR32F1QI.S
   Uses
      At line 53 in file RTE\\Device\\MDR32F1QI\\startup_MDR32F1QI.S
      At line 109 in file RTE\\Device\\MDR32F1QI\\startup_MDR32F1QI.S

__Vectors_End 000000C0

Symbol: __Vectors_End
   Definitions
      At line 107 in file RTE\\Device\\MDR32F1QI\\startup_MDR32F1QI.S
   Uses
      At line 54 in file RTE\\Device\\MDR32F1QI\\startup_MDR32F1QI.S
      At line 109 in file RTE\\Device\\MDR32F1QI\\startup_MDR32F1QI.S

3 symbols



ARM Macro Assembler    Page 1 Alphabetic symbol ordering
Relocatable symbols

.text 00000000

Symbol: .text
   Definitions
      At line 111 in file RTE\\Device\\MDR32F1QI\\startup_MDR32F1QI.S
   Uses
      None
Comment: .text unused
ADC_IRQHandler 00000034

Symbol: ADC_IRQHandler
   Definitions
      At line 240 in file RTE\\Device\\MDR32F1QI\\startup_MDR32F1QI.S
   Uses
      At line 92 in file RTE\\Device\\MDR32F1QI\\startup_MDR32F1QI.S
      At line 241 in file RTE\\Device\\MDR32F1QI\\startup_MDR32F1QI.S

ARINC429R_IRQHandler 00000026

Symbol: ARINC429R_IRQHandler
   Definitions
      At line 205 in file RTE\\Device\\MDR32F1QI\\startup_MDR32F1QI.S
   Uses
      At line 85 in file RTE\\Device\\MDR32F1QI\\startup_MDR32F1QI.S
      At line 206 in file RTE\\Device\\MDR32F1QI\\startup_MDR32F1QI.S

ARINC429T1_IRQHandler 0000003C

Symbol: ARINC429T1_IRQHandler
   Definitions
      At line 260 in file RTE\\Device\\MDR32F1QI\\startup_MDR32F1QI.S
   Uses
      At line 96 in file RTE\\Device\\MDR32F1QI\\startup_MDR32F1QI.S
      At line 261 in file RTE\\Device\\MDR32F1QI\\startup_MDR32F1QI.S

ARINC429T2_IRQHandler 0000003E

Symbol: ARINC429T2_IRQHandler
   Definitions
      At line 265 in file RTE\\Device\\MDR32F1QI\\startup_MDR32F1QI.S
   Uses
      At line 97 in file RTE\\Device\\MDR32F1QI\\startup_MDR32F1QI.S
      At line 266 in file RTE\\Device\\MDR32F1QI\\startup_MDR32F1QI.S

ARINC429T3_IRQHandler 00000040

Symbol: ARINC429T3_IRQHandler
   Definitions
      At line 270 in file RTE\\Device\\MDR32F1QI\\startup_MDR32F1QI.S
   Uses
      At line 98 in file RTE\\Device\\MDR32F1QI\\startup_MDR32F1QI.S
      At line 271 in file RTE\\Device\\MDR32F1QI\\startup_MDR32F1QI.S

ARINC429T4_IRQHandler 00000042

Symbol: ARINC429T4_IRQHandler
   Definitions
      At line 275 in file RTE\\Device\\MDR32F1QI\\startup_MDR32F1QI.S
   Uses



ARM Macro Assembler    Page 2 Alphabetic symbol ordering
Relocatable symbols

      At line 99 in file RTE\\Device\\MDR32F1QI\\startup_MDR32F1QI.S
      At line 276 in file RTE\\Device\\MDR32F1QI\\startup_MDR32F1QI.S

BKP_IRQHandler 00000044

Symbol: BKP_IRQHandler
   Definitions
      At line 280 in file RTE\\Device\\MDR32F1QI\\startup_MDR32F1QI.S
   Uses
      At line 102 in file RTE\\Device\\MDR32F1QI\\startup_MDR32F1QI.S
      At line 281 in file RTE\\Device\\MDR32F1QI\\startup_MDR32F1QI.S

BUSY_IRQHandler 00000024

Symbol: BUSY_IRQHandler
   Definitions
      At line 200 in file RTE\\Device\\MDR32F1QI\\startup_MDR32F1QI.S
   Uses
      At line 84 in file RTE\\Device\\MDR32F1QI\\startup_MDR32F1QI.S
      At line 201 in file RTE\\Device\\MDR32F1QI\\startup_MDR32F1QI.S

CAN1_IRQHandler 00000018

Symbol: CAN1_IRQHandler
   Definitions
      At line 170 in file RTE\\Device\\MDR32F1QI\\startup_MDR32F1QI.S
   Uses
      At line 78 in file RTE\\Device\\MDR32F1QI\\startup_MDR32F1QI.S
      At line 171 in file RTE\\Device\\MDR32F1QI\\startup_MDR32F1QI.S

CAN2_IRQHandler 0000001A

Symbol: CAN2_IRQHandler
   Definitions
      At line 175 in file RTE\\Device\\MDR32F1QI\\startup_MDR32F1QI.S
   Uses
      At line 79 in file RTE\\Device\\MDR32F1QI\\startup_MDR32F1QI.S
      At line 176 in file RTE\\Device\\MDR32F1QI\\startup_MDR32F1QI.S

DMA_IRQHandler 0000001C

Symbol: DMA_IRQHandler
   Definitions
      At line 180 in file RTE\\Device\\MDR32F1QI\\startup_MDR32F1QI.S
   Uses
      At line 80 in file RTE\\Device\\MDR32F1QI\\startup_MDR32F1QI.S
      At line 181 in file RTE\\Device\\MDR32F1QI\\startup_MDR32F1QI.S

ETHERNET_IRQHandler 00000036

Symbol: ETHERNET_IRQHandler
   Definitions
      At line 245 in file RTE\\Device\\MDR32F1QI\\startup_MDR32F1QI.S
   Uses
      At line 93 in file RTE\\Device\\MDR32F1QI\\startup_MDR32F1QI.S
      At line 246 in file RTE\\Device\\MDR32F1QI\\startup_MDR32F1QI.S

EXT_INT1_IRQHandler 00000046




ARM Macro Assembler    Page 3 Alphabetic symbol ordering
Relocatable symbols

Symbol: EXT_INT1_IRQHandler
   Definitions
      At line 285 in file RTE\\Device\\MDR32F1QI\\startup_MDR32F1QI.S
   Uses
      At line 103 in file RTE\\Device\\MDR32F1QI\\startup_MDR32F1QI.S
      At line 286 in file RTE\\Device\\MDR32F1QI\\startup_MDR32F1QI.S

EXT_INT2_IRQHandler 00000048

Symbol: EXT_INT2_IRQHandler
   Definitions
      At line 290 in file RTE\\Device\\MDR32F1QI\\startup_MDR32F1QI.S
   Uses
      At line 104 in file RTE\\Device\\MDR32F1QI\\startup_MDR32F1QI.S
      At line 291 in file RTE\\Device\\MDR32F1QI\\startup_MDR32F1QI.S

EXT_INT3_IRQHandler 0000004A

Symbol: EXT_INT3_IRQHandler
   Definitions
      At line 295 in file RTE\\Device\\MDR32F1QI\\startup_MDR32F1QI.S
   Uses
      At line 105 in file RTE\\Device\\MDR32F1QI\\startup_MDR32F1QI.S
      At line 296 in file RTE\\Device\\MDR32F1QI\\startup_MDR32F1QI.S

EXT_INT4_IRQHandler 0000004C

Symbol: EXT_INT4_IRQHandler
   Definitions
      At line 300 in file RTE\\Device\\MDR32F1QI\\startup_MDR32F1QI.S
   Uses
      At line 106 in file RTE\\Device\\MDR32F1QI\\startup_MDR32F1QI.S
      At line 301 in file RTE\\Device\\MDR32F1QI\\startup_MDR32F1QI.S

HardFault_Handler 0000000A

Symbol: HardFault_Handler
   Definitions
      At line 132 in file RTE\\Device\\MDR32F1QI\\startup_MDR32F1QI.S
   Uses
      At line 60 in file RTE\\Device\\MDR32F1QI\\startup_MDR32F1QI.S
      At line 133 in file RTE\\Device\\MDR32F1QI\\startup_MDR32F1QI.S

MIL_STD_1553B1_IRQHandler 00000014

Symbol: MIL_STD_1553B1_IRQHandler
   Definitions
      At line 160 in file RTE\\Device\\MDR32F1QI\\startup_MDR32F1QI.S
   Uses
      At line 76 in file RTE\\Device\\MDR32F1QI\\startup_MDR32F1QI.S
      At line 161 in file RTE\\Device\\MDR32F1QI\\startup_MDR32F1QI.S

MIL_STD_1553B2_IRQHandler 00000012

Symbol: MIL_STD_1553B2_IRQHandler
   Definitions
      At line 155 in file RTE\\Device\\MDR32F1QI\\startup_MDR32F1QI.S
   Uses
      At line 75 in file RTE\\Device\\MDR32F1QI\\startup_MDR32F1QI.S



ARM Macro Assembler    Page 4 Alphabetic symbol ordering
Relocatable symbols

      At line 156 in file RTE\\Device\\MDR32F1QI\\startup_MDR32F1QI.S

NMI_Handler 00000008

Symbol: NMI_Handler
   Definitions
      At line 127 in file RTE\\Device\\MDR32F1QI\\startup_MDR32F1QI.S
   Uses
      At line 59 in file RTE\\Device\\MDR32F1QI\\startup_MDR32F1QI.S
      At line 128 in file RTE\\Device\\MDR32F1QI\\startup_MDR32F1QI.S

POWER_IRQHandler 00000028

Symbol: POWER_IRQHandler
   Definitions
      At line 210 in file RTE\\Device\\MDR32F1QI\\startup_MDR32F1QI.S
   Uses
      At line 86 in file RTE\\Device\\MDR32F1QI\\startup_MDR32F1QI.S
      At line 211 in file RTE\\Device\\MDR32F1QI\\startup_MDR32F1QI.S

PendSV_Handler 0000000E

Symbol: PendSV_Handler
   Definitions
      At line 142 in file RTE\\Device\\MDR32F1QI\\startup_MDR32F1QI.S
   Uses
      At line 71 in file RTE\\Device\\MDR32F1QI\\startup_MDR32F1QI.S
      At line 143 in file RTE\\Device\\MDR32F1QI\\startup_MDR32F1QI.S

Reset_Handler 00000000

Symbol: Reset_Handler
   Definitions
      At line 114 in file RTE\\Device\\MDR32F1QI\\startup_MDR32F1QI.S
   Uses
      At line 58 in file RTE\\Device\\MDR32F1QI\\startup_MDR32F1QI.S
      At line 115 in file RTE\\Device\\MDR32F1QI\\startup_MDR32F1QI.S

SSP1_IRQHandler 00000022

Symbol: SSP1_IRQHandler
   Definitions
      At line 195 in file RTE\\Device\\MDR32F1QI\\startup_MDR32F1QI.S
   Uses
      At line 83 in file RTE\\Device\\MDR32F1QI\\startup_MDR32F1QI.S
      At line 196 in file RTE\\Device\\MDR32F1QI\\startup_MDR32F1QI.S

SSP2_IRQHandler 0000003A

Symbol: SSP2_IRQHandler
   Definitions
      At line 255 in file RTE\\Device\\MDR32F1QI\\startup_MDR32F1QI.S
   Uses
      At line 95 in file RTE\\Device\\MDR32F1QI\\startup_MDR32F1QI.S
      At line 256 in file RTE\\Device\\MDR32F1QI\\startup_MDR32F1QI.S

SSP3_IRQHandler 00000038

Symbol: SSP3_IRQHandler



ARM Macro Assembler    Page 5 Alphabetic symbol ordering
Relocatable symbols

   Definitions
      At line 250 in file RTE\\Device\\MDR32F1QI\\startup_MDR32F1QI.S
   Uses
      At line 94 in file RTE\\Device\\MDR32F1QI\\startup_MDR32F1QI.S
      At line 251 in file RTE\\Device\\MDR32F1QI\\startup_MDR32F1QI.S

SVC_Handler 0000000C

Symbol: SVC_Handler
   Definitions
      At line 137 in file RTE\\Device\\MDR32F1QI\\startup_MDR32F1QI.S
   Uses
      At line 68 in file RTE\\Device\\MDR32F1QI\\startup_MDR32F1QI.S
      At line 138 in file RTE\\Device\\MDR32F1QI\\startup_MDR32F1QI.S

SysTick_Handler 00000010

Symbol: SysTick_Handler
   Definitions
      At line 147 in file RTE\\Device\\MDR32F1QI\\startup_MDR32F1QI.S
   Uses
      At line 72 in file RTE\\Device\\MDR32F1QI\\startup_MDR32F1QI.S
      At line 148 in file RTE\\Device\\MDR32F1QI\\startup_MDR32F1QI.S

TIMER1_IRQHandler 0000002E

Symbol: TIMER1_IRQHandler
   Definitions
      At line 225 in file RTE\\Device\\MDR32F1QI\\startup_MDR32F1QI.S
   Uses
      At line 89 in file RTE\\Device\\MDR32F1QI\\startup_MDR32F1QI.S
      At line 226 in file RTE\\Device\\MDR32F1QI\\startup_MDR32F1QI.S

TIMER2_IRQHandler 00000030

Symbol: TIMER2_IRQHandler
   Definitions
      At line 230 in file RTE\\Device\\MDR32F1QI\\startup_MDR32F1QI.S
   Uses
      At line 90 in file RTE\\Device\\MDR32F1QI\\startup_MDR32F1QI.S
      At line 231 in file RTE\\Device\\MDR32F1QI\\startup_MDR32F1QI.S

TIMER3_IRQHandler 00000032

Symbol: TIMER3_IRQHandler
   Definitions
      At line 235 in file RTE\\Device\\MDR32F1QI\\startup_MDR32F1QI.S
   Uses
      At line 91 in file RTE\\Device\\MDR32F1QI\\startup_MDR32F1QI.S
      At line 236 in file RTE\\Device\\MDR32F1QI\\startup_MDR32F1QI.S

TIMER4_IRQHandler 0000002C

Symbol: TIMER4_IRQHandler
   Definitions
      At line 220 in file RTE\\Device\\MDR32F1QI\\startup_MDR32F1QI.S
   Uses
      At line 88 in file RTE\\Device\\MDR32F1QI\\startup_MDR32F1QI.S
      At line 221 in file RTE\\Device\\MDR32F1QI\\startup_MDR32F1QI.S



ARM Macro Assembler    Page 6 Alphabetic symbol ordering
Relocatable symbols


UART1_IRQHandler 0000001E

Symbol: UART1_IRQHandler
   Definitions
      At line 185 in file RTE\\Device\\MDR32F1QI\\startup_MDR32F1QI.S
   Uses
      At line 81 in file RTE\\Device\\MDR32F1QI\\startup_MDR32F1QI.S
      At line 186 in file RTE\\Device\\MDR32F1QI\\startup_MDR32F1QI.S

UART2_IRQHandler 00000020

Symbol: UART2_IRQHandler
   Definitions
      At line 190 in file RTE\\Device\\MDR32F1QI\\startup_MDR32F1QI.S
   Uses
      At line 82 in file RTE\\Device\\MDR32F1QI\\startup_MDR32F1QI.S
      At line 191 in file RTE\\Device\\MDR32F1QI\\startup_MDR32F1QI.S

USB_IRQHandler 00000016

Symbol: USB_IRQHandler
   Definitions
      At line 165 in file RTE\\Device\\MDR32F1QI\\startup_MDR32F1QI.S
   Uses
      At line 77 in file RTE\\Device\\MDR32F1QI\\startup_MDR32F1QI.S
      At line 166 in file RTE\\Device\\MDR32F1QI\\startup_MDR32F1QI.S

WWDG_IRQHandler 0000002A

Symbol: WWDG_IRQHandler
   Definitions
      At line 215 in file RTE\\Device\\MDR32F1QI\\startup_MDR32F1QI.S
   Uses
      At line 87 in file RTE\\Device\\MDR32F1QI\\startup_MDR32F1QI.S
      At line 216 in file RTE\\Device\\MDR32F1QI\\startup_MDR32F1QI.S

__user_initial_stackheap 00000050

Symbol: __user_initial_stackheap
   Definitions
      At line 322 in file RTE\\Device\\MDR32F1QI\\startup_MDR32F1QI.S
   Uses
      At line 321 in file RTE\\Device\\MDR32F1QI\\startup_MDR32F1QI.S
Comment: __user_initial_stackheap used once
38 symbols



ARM Macro Assembler    Page 1 Alphabetic symbol ordering
Absolute symbols

Heap_Size 00001000

Symbol: Heap_Size
   Definitions
      At line 40 in file RTE\\Device\\MDR32F1QI\\startup_MDR32F1QI.S
   Uses
      At line 44 in file RTE\\Device\\MDR32F1QI\\startup_MDR32F1QI.S
      At line 326 in file RTE\\Device\\MDR32F1QI\\startup_MDR32F1QI.S

Stack_Size 00001000

Symbol: Stack_Size
   Definitions
      At line 28 in file RTE\\Device\\MDR32F1QI\\startup_MDR32F1QI.S
   Uses
      At line 32 in file RTE\\Device\\MDR32F1QI\\startup_MDR32F1QI.S
      At line 325 in file RTE\\Device\\MDR32F1QI\\startup_MDR32F1QI.S

__Vectors_Size 000000C0

Symbol: __Vectors_Size
   Definitions
      At line 109 in file RTE\\Device\\MDR32F1QI\\startup_MDR32F1QI.S
   Uses
      At line 55 in file RTE\\Device\\MDR32F1QI\\startup_MDR32F1QI.S
Comment: __Vectors_Size used once
3 symbols



ARM Macro Assembler    Page 1 Alphabetic symbol ordering
External symbols

SystemInit 00000000

Symbol: SystemInit
   Definitions
      At line 116 in file RTE\\Device\\MDR32F1QI\\startup_MDR32F1QI.S
   Uses
      At line 118 in file RTE\\Device\\MDR32F1QI\\startup_MDR32F1QI.S
Comment: SystemInit used once
__main 00000000

Symbol: __main
   Definitions
      At line 117 in file RTE\\Device\\MDR32F1QI\\startup_MDR32F1QI.S
   Uses
      At line 120 in file RTE\\Device\\MDR32F1QI\\startup_MDR32F1QI.S
Comment: __main used once
__use_two_region_memory 00000000

Symbol: __use_two_region_memory
   Definitions
      At line 320 in file RTE\\Device\\MDR32F1QI\\startup_MDR32F1QI.S
   Uses
      None
Comment: __use_two_region_memory unused
3 symbols
391 symbols in table
